生成启动时间为 2018/4/16 11:28:13。
项目“C:\Users\Administrator\Documents\Visual Studio 2010\Projects\ztmgd\ztacadmgd\ztacadmgd.vcxproj”在节点 2 上(build 个目标)。
InitializeBuildStatus:
  正在创建“x64\Debug\ztacadmgd.unsuccessfulbuild”，因为已指定“AlwaysCreate”。
GenerateTargetFrameworkMonikerAttribute:
正在跳过目标“GenerateTargetFrameworkMonikerAttribute”，因为所有输出文件相对于输入文件而言都是最新的。
ClCompile:
  所有输出均为最新。
  所有输出均为最新。
  所有输出均为最新。
ManagedIncrementalBuildPostProcessDependencyGraph:
  To improve incremental build performance for managed components, please make sure that the 'VC++ Directories->Reference Directories' points to all the paths which contain the referenced managed assemblies.
  未能加载文件或程序集“AcMNUParser, Version=19.0.0.0, Culture=neutral, PublicKeyToken=null”或它的某一个依赖项。系统找不到指定的文件。
ResourceCompile:
  所有输出均为最新。
Link:
  所有输出均为最新。
  ztacadmgd.vcxproj -> C:\Users\Administrator\Documents\Visual Studio 2010\Projects\ztmgd\x64\Debug\ztacadmgd.dll
MetaGen:
正在跳过目标“MetaGen”，因为所有输出文件相对于输入文件而言都是最新的。
XdcMake:
  所有输出均为最新。
FinalizeBuildStatus:
  正在删除文件“x64\Debug\ztacadmgd.unsuccessfulbuild”。
  正在对“x64\Debug\ztacadmgd.lastbuildstate”执行 Touch 任务。
已完成生成项目“C:\Users\Administrator\Documents\Visual Studio 2010\Projects\ztmgd\ztacadmgd\ztacadmgd.vcxproj”(build 个目标)的操作。

生成成功。

已用时间 00:00:01.68
